
> vibe-generated-app@1.0.0 dev
> vite


  VITE v5.4.20  ready in 266 ms

  ➜  Local:   http://localhost:3000/
  ➜  Network: http://172.20.1.207:3000/
8:36:00 PM [vite] Pre-transform error: Transform failed with 1 error:
/home/workspace/src/components/Hero3D.jsx:44:107: ERROR: Expected "{" but found "\\"
8:36:01 PM [vite] ✨ new dependencies optimized: lucide-react
8:36:01 PM [vite] ✨ optimized dependencies changed. reloading
8:36:02 PM [vite] Pre-transform error: Transform failed with 1 error:
/home/workspace/src/components/Hero3D.jsx:44:107: ERROR: Expected "{" but found "\\"
8:36:03 PM [vite] Internal server error: Transform failed with 1 error:
/home/workspace/src/components/Hero3D.jsx:44:107: ERROR: Expected "{" but found "\\"
  Plugin: vite:esbuild
  File: /home/workspace/src/components/Hero3D.jsx:44:107
  
  Expected "{" but found "\\"
  42 |              </div>
  43 |              <div>
  44 |                <div className="text-white font-semibold"><span className="text-emerald-300"><span className=\"tabular-nums\"><span>500ms</span></span></span> verify</div>
     |                                                                                                             ^
  45 |                Global edge network
  46 |              </div>
  
      at failureErrorWithLog (/home/workspace/node_modules/esbuild/lib/main.js:1472:15)
      at /home/workspace/node_modules/esbuild/lib/main.js:755:50
      at responseCallbacks.<computed> (/home/workspace/node_modules/esbuild/lib/main.js:622:9)
      at handleIncomingPacket (/home/workspace/node_modules/esbuild/lib/main.js:677:12)
      at Socket.readFromStdout (/home/workspace/node_modules/esbuild/lib/main.js:600:7)
      at Socket.emit (node:events:508:28)
      at addChunk (node:internal/streams/readable:559:12)
      at readableAddChunkPushByteMode (node:internal/streams/readable:510:3)
      at Readable.push (node:internal/streams/readable:390:5)
      at Pipe.onStreamRead (node:internal/stream_base_commons:189:23)
8:36:10 PM [vite] Internal server error: Transform failed with 1 error:
/home/workspace/src/components/Hero3D.jsx:44:107: ERROR: Expected "{" but found "\\"
  Plugin: vite:esbuild
  File: /home/workspace/src/components/Hero3D.jsx:44:107
  
  Expected "{" but found "\\"
  42 |              </div>
  43 |              <div>
  44 |                <div className="text-white font-semibold"><span className="text-emerald-300"><span className=\"tabular-nums\"><span>500ms</span></span></span> verify</div>
     |                                                                                                             ^
  45 |                Global edge network
  46 |              </div>
  
      at failureErrorWithLog (/home/workspace/node_modules/esbuild/lib/main.js:1472:15)
      at /home/workspace/node_modules/esbuild/lib/main.js:755:50
      at responseCallbacks.<computed> (/home/workspace/node_modules/esbuild/lib/main.js:622:9)
      at handleIncomingPacket (/home/workspace/node_modules/esbuild/lib/main.js:677:12)
      at Socket.readFromStdout (/home/workspace/node_modules/esbuild/lib/main.js:600:7)
      at Socket.emit (node:events:508:28)
      at addChunk (node:internal/streams/readable:559:12)
      at readableAddChunkPushByteMode (node:internal/streams/readable:510:3)
      at Readable.push (node:internal/streams/readable:390:5)
      at Pipe.onStreamRead (node:internal/stream_base_commons:189:23)
